<?xml version="1.0" encoding="UTF-8"?>
<VAST xmlns:xsi="https://www.w3.org/2001/XMLSchema-instance" version="3.0" xsi:noNamespaceSchemaLocation="vast.xsd"><Ad id="9677e9b0-6f52-48d1-8c82-f10259558a9c_0"><InLine><AdSystem>UNICORN</AdSystem><Error>https://ds.uncn.jp/0/notifications/error?type=vast_3_0_error&amp;error=[ERRORCODE]</Error><Impression>https://uncn.jp/fl/2/view/fl.073874c0183815f9148ecd9245ac60b0?bid=CiY5Njc3ZTliMC02ZjUyLTQ4ZDEtOGM4Mi1mMTAyNTk1NThhOWNfMBIIZXNqUV80MncaCGVuMzJ5WXZMKgJKUFHSDtgn1Yt3QG3FPro9dTMzcz-iAQYI2ZH9_QXyAQUyMzE2MvgBz7kF&amp;buy=X79I2QAAAAAwzhUjitWJ_WwuuHWUtKNL1kaajQ&amp;cs=2858196997</Impression><Creatives><Creative id="en32yYvL"><Linear><Duration>00:00:15</Duration><VideoClicks><ClickThrough>https://uncn.jp/fl/2/click/fl.073874c0183815f9148ecd9245ac60b0?bid=CiY5Njc3ZTliMC02ZjUyLTQ4ZDEtOGM4Mi1mMTAyNTk1NThhOWNfMBIIZXNqUV80MncaCGVuMzJ5WXZMKgJKUFHSDtgn1Yt3QG3FPro9dTMzcz-iAQYI2ZH9_QXyAQUyMzE2MvgBz7kF&amp;cs=2858196997</ClickThrough><ClickTracking>https://hs.adingo.jp/video/i?contentplayhead=[CONTENTPLAYHEAD]&amp;cachebusting=[CACHEBUSTING]&amp;asseturi=[ASSETURI]&amp;event=click&amp;p=eNSxFSvzDCq_hqlYDGWI88RKPlqPUyfofdNwIry8PNIvQHuG21VK6NH6HrZv8gA7aCuaz6jIFPcNwC0xZo2q7ZdXpZYPospnV0IbRyXbHHgU23sCL_WMtqD_g8K1CWqOetzqsaD8AOlj4rrbeDFz0nd_HmTJlu_WU6inho2HSs0A7vS6OlF54zwslGftO_CrYmoHm0jiSiyjGjc4QdSQoZKd9eDowve-wK9k4DEd6y00RE5mFv5CToK-BBtj-4re-qxCMSIwl6ktBxB7AbW8eG9wf-lB6RuyHNliIPGA5F1UYa2jJwxBuRQRavFNdnuni3vpJq0YKm_7zGix3v0HcRQgZ6A.&amp;k=3&amp;v=bP2m8jVNAHYwppf-&amp;adpodseq=1</ClickTracking></VideoClicks><TrackingEvents><Tracking event="start">https://uncn.jp/2/video_view/fl.073874c0183815f9148ecd9245ac60b0?bid=CiY5Njc3ZTliMC02ZjUyLTQ4ZDEtOGM4Mi1mMTAyNTk1NThhOWNfMBIIZXNqUV80MncaCGVuMzJ5WXZMKgJKUFHSDtgn1Yt3QG3FPro9dTMzcz-iAQYI2ZH9_QXyAQUyMzE2MvgBz7kF&amp;cs=2858196997&amp;state=START&amp;play_time=1&amp;measurement_type=vast_3_0</Tracking><Tracking event="firstQuartile">https://uncn.jp/2/video_view/fl.073874c0183815f9148ecd9245ac60b0?bid=CiY5Njc3ZTliMC02ZjUyLTQ4ZDEtOGM4Mi1mMTAyNTk1NThhOWNfMBIIZXNqUV80MncaCGVuMzJ5WXZMKgJKUFHSDtgn1Yt3QG3FPro9dTMzcz-iAQYI2ZH9_QXyAQUyMzE2MvgBz7kF&amp;cs=2858196997&amp;state=FIRST_QUARTILE&amp;measurement_type=vast_3_0</Tracking><Tracking event="midpoint">https://uncn.jp/2/video_view/fl.073874c0183815f9148ecd9245ac60b0?bid=CiY5Njc3ZTliMC02ZjUyLTQ4ZDEtOGM4Mi1mMTAyNTk1NThhOWNfMBIIZXNqUV80MncaCGVuMzJ5WXZMKgJKUFHSDtgn1Yt3QG3FPro9dTMzcz-iAQYI2ZH9_QXyAQUyMzE2MvgBz7kF&amp;cs=2858196997&amp;state=MIDPOINT&amp;measurement_type=vast_3_0</Tracking><Tracking event="thirdQuartile">https://uncn.jp/2/video_view/fl.073874c0183815f9148ecd9245ac60b0?bid=CiY5Njc3ZTliMC02ZjUyLTQ4ZDEtOGM4Mi1mMTAyNTk1NThhOWNfMBIIZXNqUV80MncaCGVuMzJ5WXZMKgJKUFHSDtgn1Yt3QG3FPro9dTMzcz-iAQYI2ZH9_QXyAQUyMzE2MvgBz7kF&amp;cs=2858196997&amp;state=THIRD_QUARTILE&amp;measurement_type=vast_3_0</Tracking><Tracking event="complete">https://uncn.jp/2/video_view/fl.073874c0183815f9148ecd9245ac60b0?bid=CiY5Njc3ZTliMC02ZjUyLTQ4ZDEtOGM4Mi1mMTAyNTk1NThhOWNfMBIIZXNqUV80MncaCGVuMzJ5WXZMKgJKUFHSDtgn1Yt3QG3FPro9dTMzcz-iAQYI2ZH9_QXyAQUyMzE2MvgBz7kF&amp;cs=2858196997&amp;state=END&amp;play_time=15.04&amp;measurement_type=vast_3_0</Tracking><Tracking event="progress" offset="00:00:02">https://uncn.jp/2/viewability/fl.073874c0183815f9148ecd9245ac60b0?bid=CiY5Njc3ZTliMC02ZjUyLTQ4ZDEtOGM4Mi1mMTAyNTk1NThhOWNfMBIIZXNqUV80MncaCGVuMzJ5WXZMKgJKUFHSDtgn1Yt3QG3FPro9dTMzcz-iAQYI2ZH9_QXyAQUyMzE2MvgBz7kF&amp;cs=2858196997&amp;viewable=1&amp;measurement_type=vast_3_0</Tracking><Tracking event="progress" offset="00:00:02">https://uncn.jp/2/video_view/fl.073874c0183815f9148ecd9245ac60b0?bid=CiY5Njc3ZTliMC02ZjUyLTQ4ZDEtOGM4Mi1mMTAyNTk1NThhOWNfMBIIZXNqUV80MncaCGVuMzJ5WXZMKgJKUFHSDtgn1Yt3QG3FPro9dTMzcz-iAQYI2ZH9_QXyAQUyMzE2MvgBz7kF&amp;cs=2858196997&amp;state=PLAY&amp;play_time=2&amp;measurement_type=vast_3_0</Tracking><Tracking event="progress" offset="00:00:03">https://uncn.jp/2/video_view/fl.073874c0183815f9148ecd9245ac60b0?bid=CiY5Njc3ZTliMC02ZjUyLTQ4ZDEtOGM4Mi1mMTAyNTk1NThhOWNfMBIIZXNqUV80MncaCGVuMzJ5WXZMKgJKUFHSDtgn1Yt3QG3FPro9dTMzcz-iAQYI2ZH9_QXyAQUyMzE2MvgBz7kF&amp;cs=2858196997&amp;state=PLAY&amp;play_time=3&amp;measurement_type=vast_3_0</Tracking><Tracking event="progress" offset="00:00:05">https://uncn.jp/2/video_view/fl.073874c0183815f9148ecd9245ac60b0?bid=CiY5Njc3ZTliMC02ZjUyLTQ4ZDEtOGM4Mi1mMTAyNTk1NThhOWNfMBIIZXNqUV80MncaCGVuMzJ5WXZMKgJKUFHSDtgn1Yt3QG3FPro9dTMzcz-iAQYI2ZH9_QXyAQUyMzE2MvgBz7kF&amp;cs=2858196997&amp;state=PLAY&amp;play_time=5&amp;measurement_type=vast_3_0</Tracking><Tracking event="progress" offset="00:00:10">https://uncn.jp/2/video_view/fl.073874c0183815f9148ecd9245ac60b0?bid=CiY5Njc3ZTliMC02ZjUyLTQ4ZDEtOGM4Mi1mMTAyNTk1NThhOWNfMBIIZXNqUV80MncaCGVuMzJ5WXZMKgJKUFHSDtgn1Yt3QG3FPro9dTMzcz-iAQYI2ZH9_QXyAQUyMzE2MvgBz7kF&amp;cs=2858196997&amp;state=PLAY&amp;play_time=10&amp;measurement_type=vast_3_0</Tracking><Tracking event="unmute">https://uncn.jp/2/video_view/fl.073874c0183815f9148ecd9245ac60b0?bid=CiY5Njc3ZTliMC02ZjUyLTQ4ZDEtOGM4Mi1mMTAyNTk1NThhOWNfMBIIZXNqUV80MncaCGVuMzJ5WXZMKgJKUFHSDtgn1Yt3QG3FPro9dTMzcz-iAQYI2ZH9_QXyAQUyMzE2MvgBz7kF&amp;cs=2858196997&amp;state=UNMUTE&amp;measurement_type=vast_3_0</Tracking><Tracking event="loaded">https://hs.adingo.jp/video/i?contentplayhead=[CONTENTPLAYHEAD]&amp;cachebusting=[CACHEBUSTING]&amp;asseturi=[ASSETURI]&amp;event=loaded&amp;p=eNSxFSvzDCq_hqlYDGWI88RKPlqPUyfofdNwIry8PNIvQHuG21VK6NH6HrZv8gA7aCuaz6jIFPcNwC0xZo2q7ZdXpZYPospnV0IbRyXbHHgU23sCL_WMtqD_g8K1CWqOetzqsaD8AOlj4rrbeDFz0nd_HmTJlu_WU6inho2HSs0A7vS6OlF54zwslGftO_CrYmoHm0jiSiyjGjc4QdSQoZKd9eDowve-wK9k4DEd6y00RE5mFv5CToK-BBtj-4re-qxCMSIwl6ktBxB7AbW8eG9wf-lB6RuyHNliIPGA5F1UYa2jJwxBuRQRavFNdnuni3vpJq0YKm_7zGix3v0HcRQgZ6A.&amp;k=3&amp;v=bP2m8jVNAHYwppf-&amp;adpodseq=1</Tracking><Tracking event="pause">https://hs.adingo.jp/video/i?contentplayhead=[CONTENTPLAYHEAD]&amp;cachebusting=[CACHEBUSTING]&amp;asseturi=[ASSETURI]&amp;event=pause&amp;p=eNSxFSvzDCq_hqlYDGWI88RKPlqPUyfofdNwIry8PNIvQHuG21VK6NH6HrZv8gA7aCuaz6jIFPcNwC0xZo2q7ZdXpZYPospnV0IbRyXbHHgU23sCL_WMtqD_g8K1CWqOetzqsaD8AOlj4rrbeDFz0nd_HmTJlu_WU6inho2HSs0A7vS6OlF54zwslGftO_CrYmoHm0jiSiyjGjc4QdSQoZKd9eDowve-wK9k4DEd6y00RE5mFv5CToK-BBtj-4re-qxCMSIwl6ktBxB7AbW8eG9wf-lB6RuyHNliIPGA5F1UYa2jJwxBuRQRavFNdnuni3vpJq0YKm_7zGix3v0HcRQgZ6A.&amp;k=3&amp;v=bP2m8jVNAHYwppf-&amp;adpodseq=1</Tracking><Tracking event="resume">https://hs.adingo.jp/video/i?contentplayhead=[CONTENTPLAYHEAD]&amp;cachebusting=[CACHEBUSTING]&amp;asseturi=[ASSETURI]&amp;event=resume&amp;p=eNSxFSvzDCq_hqlYDGWI88RKPlqPUyfofdNwIry8PNIvQHuG21VK6NH6HrZv8gA7aCuaz6jIFPcNwC0xZo2q7ZdXpZYPospnV0IbRyXbHHgU23sCL_WMtqD_g8K1CWqOetzqsaD8AOlj4rrbeDFz0nd_HmTJlu_WU6inho2HSs0A7vS6OlF54zwslGftO_CrYmoHm0jiSiyjGjc4QdSQoZKd9eDowve-wK9k4DEd6y00RE5mFv5CToK-BBtj-4re-qxCMSIwl6ktBxB7AbW8eG9wf-lB6RuyHNliIPGA5F1UYa2jJwxBuRQRavFNdnuni3vpJq0YKm_7zGix3v0HcRQgZ6A.&amp;k=3&amp;v=bP2m8jVNAHYwppf-&amp;adpodseq=1</Tracking><Tracking event="rewind">https://hs.adingo.jp/video/i?contentplayhead=[CONTENTPLAYHEAD]&amp;cachebusting=[CACHEBUSTING]&amp;asseturi=[ASSETURI]&amp;event=rewind&amp;p=eNSxFSvzDCq_hqlYDGWI88RKPlqPUyfofdNwIry8PNIvQHuG21VK6NH6HrZv8gA7aCuaz6jIFPcNwC0xZo2q7ZdXpZYPospnV0IbRyXbHHgU23sCL_WMtqD_g8K1CWqOetzqsaD8AOlj4rrbeDFz0nd_HmTJlu_WU6inho2HSs0A7vS6OlF54zwslGftO_CrYmoHm0jiSiyjGjc4QdSQoZKd9eDowve-wK9k4DEd6y00RE5mFv5CToK-BBtj-4re-qxCMSIwl6ktBxB7AbW8eG9wf-lB6RuyHNliIPGA5F1UYa2jJwxBuRQRavFNdnuni3vpJq0YKm_7zGix3v0HcRQgZ6A.&amp;k=3&amp;v=bP2m8jVNAHYwppf-&amp;adpodseq=1</Tracking><Tracking event="skip">https://hs.adingo.jp/video/i?contentplayhead=[CONTENTPLAYHEAD]&amp;cachebusting=[CACHEBUSTING]&amp;asseturi=[ASSETURI]&amp;event=skip&amp;p=eNSxFSvzDCq_hqlYDGWI88RKPlqPUyfofdNwIry8PNIvQHuG21VK6NH6HrZv8gA7aCuaz6jIFPcNwC0xZo2q7ZdXpZYPospnV0IbRyXbHHgU23sCL_WMtqD_g8K1CWqOetzqsaD8AOlj4rrbeDFz0nd_HmTJlu_WU6inho2HSs0A7vS6OlF54zwslGftO_CrYmoHm0jiSiyjGjc4QdSQoZKd9eDowve-wK9k4DEd6y00RE5mFv5CToK-BBtj-4re-qxCMSIwl6ktBxB7AbW8eG9wf-lB6RuyHNliIPGA5F1UYa2jJwxBuRQRavFNdnuni3vpJq0YKm_7zGix3v0HcRQgZ6A.&amp;k=3&amp;v=bP2m8jVNAHYwppf-&amp;adpodseq=1</Tracking><Tracking event="fullscreen">https://hs.adingo.jp/video/i?contentplayhead=[CONTENTPLAYHEAD]&amp;cachebusting=[CACHEBUSTING]&amp;asseturi=[ASSETURI]&amp;event=fullscreen&amp;p=eNSxFSvzDCq_hqlYDGWI88RKPlqPUyfofdNwIry8PNIvQHuG21VK6NH6HrZv8gA7aCuaz6jIFPcNwC0xZo2q7ZdXpZYPospnV0IbRyXbHHgU23sCL_WMtqD_g8K1CWqOetzqsaD8AOlj4rrbeDFz0nd_HmTJlu_WU6inho2HSs0A7vS6OlF54zwslGftO_CrYmoHm0jiSiyjGjc4QdSQoZKd9eDowve-wK9k4DEd6y00RE5mFv5CToK-BBtj-4re-qxCMSIwl6ktBxB7AbW8eG9wf-lB6RuyHNliIPGA5F1UYa2jJwxBuRQRavFNdnuni3vpJq0YKm_7zGix3v0HcRQgZ6A.&amp;k=3&amp;v=bP2m8jVNAHYwppf-&amp;adpodseq=1</Tracking><Tracking event="exitFullscreen">https://hs.adingo.jp/video/i?contentplayhead=[CONTENTPLAYHEAD]&amp;cachebusting=[CACHEBUSTING]&amp;asseturi=[ASSETURI]&amp;event=exitFullscreen&amp;p=eNSxFSvzDCq_hqlYDGWI88RKPlqPUyfofdNwIry8PNIvQHuG21VK6NH6HrZv8gA7aCuaz6jIFPcNwC0xZo2q7ZdXpZYPospnV0IbRyXbHHgU23sCL_WMtqD_g8K1CWqOetzqsaD8AOlj4rrbeDFz0nd_HmTJlu_WU6inho2HSs0A7vS6OlF54zwslGftO_CrYmoHm0jiSiyjGjc4QdSQoZKd9eDowve-wK9k4DEd6y00RE5mFv5CToK-BBtj-4re-qxCMSIwl6ktBxB7AbW8eG9wf-lB6RuyHNliIPGA5F1UYa2jJwxBuRQRavFNdnuni3vpJq0YKm_7zGix3v0HcRQgZ6A.&amp;k=3&amp;v=bP2m8jVNAHYwppf-&amp;adpodseq=1</Tracking><Tracking event="expand">https://hs.adingo.jp/video/i?contentplayhead=[CONTENTPLAYHEAD]&amp;cachebusting=[CACHEBUSTING]&amp;asseturi=[ASSETURI]&amp;event=expand&amp;p=eNSxFSvzDCq_hqlYDGWI88RKPlqPUyfofdNwIry8PNIvQHuG21VK6NH6HrZv8gA7aCuaz6jIFPcNwC0xZo2q7ZdXpZYPospnV0IbRyXbHHgU23sCL_WMtqD_g8K1CWqOetzqsaD8AOlj4rrbeDFz0nd_HmTJlu_WU6inho2HSs0A7vS6OlF54zwslGftO_CrYmoHm0jiSiyjGjc4QdSQoZKd9eDowve-wK9k4DEd6y00RE5mFv5CToK-BBtj-4re-qxCMSIwl6ktBxB7AbW8eG9wf-lB6RuyHNliIPGA5F1UYa2jJwxBuRQRavFNdnuni3vpJq0YKm_7zGix3v0HcRQgZ6A.&amp;k=3&amp;v=bP2m8jVNAHYwppf-&amp;adpodseq=1</Tracking><Tracking event="collapse">https://hs.adingo.jp/video/i?contentplayhead=[CONTENTPLAYHEAD]&amp;cachebusting=[CACHEBUSTING]&amp;asseturi=[ASSETURI]&amp;event=collapse&amp;p=eNSxFSvzDCq_hqlYDGWI88RKPlqPUyfofdNwIry8PNIvQHuG21VK6NH6HrZv8gA7aCuaz6jIFPcNwC0xZo2q7ZdXpZYPospnV0IbRyXbHHgU23sCL_WMtqD_g8K1CWqOetzqsaD8AOlj4rrbeDFz0nd_HmTJlu_WU6inho2HSs0A7vS6OlF54zwslGftO_CrYmoHm0jiSiyjGjc4QdSQoZKd9eDowve-wK9k4DEd6y00RE5mFv5CToK-BBtj-4re-qxCMSIwl6ktBxB7AbW8eG9wf-lB6RuyHNliIPGA5F1UYa2jJwxBuRQRavFNdnuni3vpJq0YKm_7zGix3v0HcRQgZ6A.&amp;k=3&amp;v=bP2m8jVNAHYwppf-&amp;adpodseq=1</Tracking><Tracking event="start">https://hs.adingo.jp/video/i?contentplayhead=[CONTENTPLAYHEAD]&amp;cachebusting=[CACHEBUSTING]&amp;asseturi=[ASSETURI]&amp;event=start&amp;p=eNSxFSvzDCq_hqlYDGWI88RKPlqPUyfofdNwIry8PNIvQHuG21VK6NH6HrZv8gA7aCuaz6jIFPcNwC0xZo2q7ZdXpZYPospnV0IbRyXbHHgU23sCL_WMtqD_g8K1CWqOetzqsaD8AOlj4rrbeDFz0nd_HmTJlu_WU6inho2HSs0A7vS6OlF54zwslGftO_CrYmoHm0jiSiyjGjc4QdSQoZKd9eDowve-wK9k4DEd6y00RE5mFv5CToK-BBtj-4re-qxCMSIwl6ktBxB7AbW8eG9wf-lB6RuyHNliIPGA5F1UYa2jJwxBuRQRavFNdnuni3vpJq0YKm_7zGix3v0HcRQgZ6A.&amp;k=3&amp;v=bP2m8jVNAHYwppf-&amp;adpodseq=1</Tracking><Tracking event="firstQuartile">https://hs.adingo.jp/video/i?contentplayhead=[CONTENTPLAYHEAD]&amp;cachebusting=[CACHEBUSTING]&amp;asseturi=[ASSETURI]&amp;event=firstQuartile&amp;p=eNSxFSvzDCq_hqlYDGWI88RKPlqPUyfofdNwIry8PNIvQHuG21VK6NH6HrZv8gA7aCuaz6jIFPcNwC0xZo2q7ZdXpZYPospnV0IbRyXbHHgU23sCL_WMtqD_g8K1CWqOetzqsaD8AOlj4rrbeDFz0nd_HmTJlu_WU6inho2HSs0A7vS6OlF54zwslGftO_CrYmoHm0jiSiyjGjc4QdSQoZKd9eDowve-wK9k4DEd6y00RE5mFv5CToK-BBtj-4re-qxCMSIwl6ktBxB7AbW8eG9wf-lB6RuyHNliIPGA5F1UYa2jJwxBuRQRavFNdnuni3vpJq0YKm_7zGix3v0HcRQgZ6A.&amp;k=3&amp;v=bP2m8jVNAHYwppf-&amp;adpodseq=1</Tracking><Tracking event="midpoint">https://hs.adingo.jp/video/i?contentplayhead=[CONTENTPLAYHEAD]&amp;cachebusting=[CACHEBUSTING]&amp;asseturi=[ASSETURI]&amp;event=midpoint&amp;p=eNSxFSvzDCq_hqlYDGWI88RKPlqPUyfofdNwIry8PNIvQHuG21VK6NH6HrZv8gA7aCuaz6jIFPcNwC0xZo2q7ZdXpZYPospnV0IbRyXbHHgU23sCL_WMtqD_g8K1CWqOetzqsaD8AOlj4rrbeDFz0nd_HmTJlu_WU6inho2HSs0A7vS6OlF54zwslGftO_CrYmoHm0jiSiyjGjc4QdSQoZKd9eDowve-wK9k4DEd6y00RE5mFv5CToK-BBtj-4re-qxCMSIwl6ktBxB7AbW8eG9wf-lB6RuyHNliIPGA5F1UYa2jJwxBuRQRavFNdnuni3vpJq0YKm_7zGix3v0HcRQgZ6A.&amp;k=3&amp;v=bP2m8jVNAHYwppf-&amp;adpodseq=1</Tracking><Tracking event="thirdQuartile">https://hs.adingo.jp/video/i?contentplayhead=[CONTENTPLAYHEAD]&amp;cachebusting=[CACHEBUSTING]&amp;asseturi=[ASSETURI]&amp;event=thirdQuartile&amp;p=eNSxFSvzDCq_hqlYDGWI88RKPlqPUyfofdNwIry8PNIvQHuG21VK6NH6HrZv8gA7aCuaz6jIFPcNwC0xZo2q7ZdXpZYPospnV0IbRyXbHHgU23sCL_WMtqD_g8K1CWqOetzqsaD8AOlj4rrbeDFz0nd_HmTJlu_WU6inho2HSs0A7vS6OlF54zwslGftO_CrYmoHm0jiSiyjGjc4QdSQoZKd9eDowve-wK9k4DEd6y00RE5mFv5CToK-BBtj-4re-qxCMSIwl6ktBxB7AbW8eG9wf-lB6RuyHNliIPGA5F1UYa2jJwxBuRQRavFNdnuni3vpJq0YKm_7zGix3v0HcRQgZ6A.&amp;k=3&amp;v=bP2m8jVNAHYwppf-&amp;adpodseq=1</Tracking><Tracking event="complete">https://hs.adingo.jp/video/i?contentplayhead=[CONTENTPLAYHEAD]&amp;cachebusting=[CACHEBUSTING]&amp;asseturi=[ASSETURI]&amp;event=complete&amp;p=eNSxFSvzDCq_hqlYDGWI88RKPlqPUyfofdNwIry8PNIvQHuG21VK6NH6HrZv8gA7aCuaz6jIFPcNwC0xZo2q7ZdXpZYPospnV0IbRyXbHHgU23sCL_WMtqD_g8K1CWqOetzqsaD8AOlj4rrbeDFz0nd_HmTJlu_WU6inho2HSs0A7vS6OlF54zwslGftO_CrYmoHm0jiSiyjGjc4QdSQoZKd9eDowve-wK9k4DEd6y00RE5mFv5CToK-BBtj-4re-qxCMSIwl6ktBxB7AbW8eG9wf-lB6RuyHNliIPGA5F1UYa2jJwxBuRQRavFNdnuni3vpJq0YKm_7zGix3v0HcRQgZ6A.&amp;k=3&amp;v=bP2m8jVNAHYwppf-&amp;adpodseq=1</Tracking><Tracking event="acceptInvitationLinear">https://hs.adingo.jp/video/i?contentplayhead=[CONTENTPLAYHEAD]&amp;cachebusting=[CACHEBUSTING]&amp;asseturi=[ASSETURI]&amp;event=acceptInvitationLinear&amp;p=eNSxFSvzDCq_hqlYDGWI88RKPlqPUyfofdNwIry8PNIvQHuG21VK6NH6HrZv8gA7aCuaz6jIFPcNwC0xZo2q7ZdXpZYPospnV0IbRyXbHHgU23sCL_WMtqD_g8K1CWqOetzqsaD8AOlj4rrbeDFz0nd_HmTJlu_WU6inho2HSs0A7vS6OlF54zwslGftO_CrYmoHm0jiSiyjGjc4QdSQoZKd9eDowve-wK9k4DEd6y00RE5mFv5CToK-BBtj-4re-qxCMSIwl6ktBxB7AbW8eG9wf-lB6RuyHNliIPGA5F1UYa2jJwxBuRQRavFNdnuni3vpJq0YKm_7zGix3v0HcRQgZ6A.&amp;k=3&amp;v=bP2m8jVNAHYwppf-&amp;adpodseq=1</Tracking><Tracking event="closeLinear">https://hs.adingo.jp/video/i?contentplayhead=[CONTENTPLAYHEAD]&amp;cachebusting=[CACHEBUSTING]&amp;asseturi=[ASSETURI]&amp;event=closeLinear&amp;p=eNSxFSvzDCq_hqlYDGWI88RKPlqPUyfofdNwIry8PNIvQHuG21VK6NH6HrZv8gA7aCuaz6jIFPcNwC0xZo2q7ZdXpZYPospnV0IbRyXbHHgU23sCL_WMtqD_g8K1CWqOetzqsaD8AOlj4rrbeDFz0nd_HmTJlu_WU6inho2HSs0A7vS6OlF54zwslGftO_CrYmoHm0jiSiyjGjc4QdSQoZKd9eDowve-wK9k4DEd6y00RE5mFv5CToK-BBtj-4re-qxCMSIwl6ktBxB7AbW8eG9wf-lB6RuyHNliIPGA5F1UYa2jJwxBuRQRavFNdnuni3vpJq0YKm_7zGix3v0HcRQgZ6A.&amp;k=3&amp;v=bP2m8jVNAHYwppf-&amp;adpodseq=1</Tracking><Tracking event="progress">https://hs.adingo.jp/video/i?contentplayhead=[CONTENTPLAYHEAD]&amp;cachebusting=[CACHEBUSTING]&amp;asseturi=[ASSETURI]&amp;event=progress&amp;p=eNSxFSvzDCq_hqlYDGWI88RKPlqPUyfofdNwIry8PNIvQHuG21VK6NH6HrZv8gA7aCuaz6jIFPcNwC0xZo2q7ZdXpZYPospnV0IbRyXbHHgU23sCL_WMtqD_g8K1CWqOetzqsaD8AOlj4rrbeDFz0nd_HmTJlu_WU6inho2HSs0A7vS6OlF54zwslGftO_CrYmoHm0jiSiyjGjc4QdSQoZKd9eDowve-wK9k4DEd6y00RE5mFv5CToK-BBtj-4re-qxCMSIwl6ktBxB7AbW8eG9wf-lB6RuyHNliIPGA5F1UYa2jJwxBuRQRavFNdnuni3vpJq0YKm_7zGix3v0HcRQgZ6A.&amp;k=3&amp;v=bP2m8jVNAHYwppf-&amp;adpodseq=1</Tracking></TrackingEvents><MediaFiles><MediaFile bitrate="1000" delivery="progressive" height="1280" maintainAspectRatio="true" scalable="true" type="video/mp4" width="720">https://im.uncn.jp/879e2600-d0f4-4fc6-91f3-fd9709c37149/creative.mp4</MediaFile></MediaFiles></Linear></Creative><Creative><CompanionAds><Companion width="720" height="1280"><StaticResource creativeType="image/jpeg">
                https://assets.ucontent.net/creatives/en32yYvL/xfsmn3knsqh.jpg
              </StaticResource><CompanionClickThrough>https://uncn.jp/fl/2/click/fl.073874c0183815f9148ecd9245ac60b0?bid=CiY5Njc3ZTliMC02ZjUyLTQ4ZDEtOGM4Mi1mMTAyNTk1NThhOWNfMBIIZXNqUV80MncaCGVuMzJ5WXZMKgJKUFHSDtgn1Yt3QG3FPro9dTMzcz-iAQYI2ZH9_QXyAQUyMzE2MvgBz7kF&amp;cs=2858196997</CompanionClickThrough><CompanionClickTracking>https://hs.adingo.jp/video/i?contentplayhead=[CONTENTPLAYHEAD]&amp;cachebusting=[CACHEBUSTING]&amp;asseturi=[ASSETURI]&amp;event=click&amp;p=eNSxFSvzDCq_hqlYDGWI88RKPlqPUyfofdNwIry8PNIvQHuG21VK6NH6HrZv8gA7aCuaz6jIFPcNwC0xZo2q7ZdXpZYPospnV0IbRyXbHHgU23sCL_WMtqD_g8K1CWqOetzqsaD8AOlj4rrbeDFz0nd_HmTJlu_WU6inho2HSs0A7vS6OlF54zwslGftO_CrYmoHm0jiSiyjGjc4QdSQoZKd9eDowve-wK9k4DEd6y00RE5mFv5CToK-BBtj-4re-qxCMSIwl6ktBxB7AbW8eG9wf-lB6RuyHNliIPGA5F1UYa2jJwxBuRQRavFNdnuni3vpJq0YKm_7zGix3v0HcRQgZ6A.&amp;k=3&amp;v=bP2m8jVNAHYwppf-&amp;adpodseq=1</CompanionClickTracking></Companion></CompanionAds></Creative></Creatives><Extensions><Extension type="Extra"><CTA>
              ダウンロード
            </CTA></Extension></Extensions><Impression>https://i.adingo.jp/?p=eNSxFSvzDCq_hqlYDGWI88RKPlqPUyfofdNwIry8PNIvQHuG21VK6NH6HrZv8gA7aCuaz6jIFPcNwC0xZo2q7ZdXpZYPospnV0IbRyXbHHgU23sCL_WMtqD_g8K1CWqOetzqsaD8AOlj4rrbeDFz0nd_HmTJlu_WU6inho2HSs0A7vS6OlF54zwslGftO_CrYmoHm0jiSiyjGjc4QdSQoZKd9eDowve-wK9k4DEd6y00RE5mFv5CToK-BBtj-4re-qxCMSIwl6ktBxB7AbW8eG9wf-lB6RuyHNliIPGA5F1UYa2jJwxBuRQRavFNdnuni3vpJq0YKm_7zGix3v0HcRQgZ6A.&amp;k=3&amp;v=bP2m8jVNAHYwppf-</Impression></InLine></Ad></VAST>
